[debug] [2022-11-14T09:51:51.801Z] ----------------------------------------------------------------------
[debug] [2022-11-14T09:51:51.802Z] Command:       /usr/local/bin/node /usr/local/bin/firebase projects:list
[debug] [2022-11-14T09:51:51.803Z] CLI Version:   11.16.0
[debug] [2022-11-14T09:51:51.803Z] Platform:      darwin
[debug] [2022-11-14T09:51:51.803Z] Node Version:  v18.12.1
[debug] [2022-11-14T09:51:51.804Z] Time:          Mon Nov 14 2022 10:51:51 GMT+0100 (Central European Standard Time)
[debug] [2022-11-14T09:51:51.804Z] ----------------------------------------------------------------------
[debug] 
[debug] [2022-11-14T09:51:51.806Z] >>> [apiv2][query] GET https://firebase-public.firebaseio.com/cli.json [none]
[debug] [2022-11-14T09:51:51.848Z] > command requires scopes: ["email","openid","https://www.googleapis.com/auth/cloudplatformprojects.readonly","https://www.googleapis.com/auth/firebase","https://www.googleapis.com/auth/cloud-platform"]
[debug] [2022-11-14T09:51:51.848Z] > authorizing via signed-in user (k.polrolniczak@gmail.com)
[debug] [2022-11-14T09:51:51.851Z] > refreshing access token with scopes: []
[debug] [2022-11-14T09:51:51.852Z] >>> [apiv2][query] POST https://www.googleapis.com/oauth2/v3/token [none]
[debug] [2022-11-14T09:51:51.852Z] >>> [apiv2][body] POST https://www.googleapis.com/oauth2/v3/token [omitted]
[debug] [2022-11-14T09:51:51.953Z] <<< [apiv2][status] POST https://www.googleapis.com/oauth2/v3/token 400
[debug] [2022-11-14T09:51:51.953Z] <<< [apiv2][body] POST https://www.googleapis.com/oauth2/v3/token [omitted]
[debug] [2022-11-14T09:51:51.954Z] >>> [apiv2][query] GET https://firebase.googleapis.com/v1beta1/projects pageSize=1000
[debug] [2022-11-14T09:51:52.060Z] <<< [apiv2][status] GET https://firebase.googleapis.com/v1beta1/projects 401
[debug] [2022-11-14T09:51:52.060Z] <<< [apiv2][body] GET https://firebase.googleapis.com/v1beta1/projects [omitted]
[debug] [2022-11-14T09:51:52.061Z] HTTP Error: 401, Request had invalid authentication credentials. Expected OAuth 2 access token, login cookie or other valid authentication credential. See https://developers.google.com/identity/sign-in/web/devconsole-project.
[debug] [2022-11-14T09:51:52.145Z] FirebaseError: HTTP Error: 401, Request had invalid authentication credentials. Expected OAuth 2 access token, login cookie or other valid authentication credential. See https://developers.google.com/identity/sign-in/web/devconsole-project.
    at responseToError (/usr/local/lib/node_modules/firebase-tools/lib/responseToError.js:49:12)
    at RetryOperation._fn (/usr/local/lib/node_modules/firebase-tools/lib/apiv2.js:288:77)
    at process.processTicksAndRejections (node:internal/process/task_queues:95:5)
[error] 
[error] Error: Failed to list Firebase projects. See firebase-debug.log for more info.
[debug] [2022-11-14T09:51:52.151Z] <<< [apiv2][status] GET https://firebase-public.firebaseio.com/cli.json 200
[debug] [2022-11-14T09:51:52.151Z] <<< [apiv2][body] GET https://firebase-public.firebaseio.com/cli.json {"cloudBuildErrorAfter":1594252800000,"cloudBuildWarnAfter":1590019200000,"defaultNode10After":1594252800000,"minVersion":"3.0.5","node8DeploysDisabledAfter":1613390400000,"node8RuntimeDisabledAfter":1615809600000,"node8WarnAfter":1600128000000}
